{"C:\\Users\\rache\\Documents\\Programming\\Robotics\\TeamWebsite\\RavVersion\\3588site\\src\\components\\sections\\SubteamSection.jsx": {"path":"C:\\Users\\rache\\Documents\\Programming\\Robotics\\TeamWebsite\\RavVersion\\3588site\\src\\components\\sections\\SubteamSection.jsx","all":false,"statementMap":{"0":{"start":{"line":1,"column":0},"end":{"line":1,"column":51}},"1":{"start":{"line":2,"column":0},"end":{"line":2,"column":85}},"2":{"start":{"line":3,"column":0},"end":{"line":3,"column":73}},"3":{"start":{"line":4,"column":0},"end":{"line":4,"column":58}},"4":{"start":{"line":5,"column":0},"end":{"line":5,"column":81}},"5":{"start":{"line":6,"column":0},"end":{"line":6,"column":56}},"6":{"start":{"line":7,"column":0},"end":{"line":7,"column":68}},"8":{"start":{"line":9,"column":0},"end":{"line":9,"column":30}},"9":{"start":{"line":10,"column":0},"end":{"line":10,"column":52}},"10":{"start":{"line":11,"column":0},"end":{"line":11,"column":60}},"11":{"start":{"line":12,"column":0},"end":{"line":12,"column":55}},"12":{"start":{"line":13,"column":0},"end":{"line":13,"column":44}},"13":{"start":{"line":14,"column":0},"end":{"line":14,"column":51}},"14":{"start":{"line":15,"column":0},"end":{"line":15,"column":50}},"16":{"start":{"line":17,"column":0},"end":{"line":17,"column":23}},"17":{"start":{"line":18,"column":0},"end":{"line":18,"column":60}},"18":{"start":{"line":19,"column":0},"end":{"line":19,"column":56}},"19":{"start":{"line":20,"column":0},"end":{"line":20,"column":73}},"20":{"start":{"line":21,"column":0},"end":{"line":21,"column":70}},"21":{"start":{"line":22,"column":0},"end":{"line":22,"column":67}},"22":{"start":{"line":23,"column":0},"end":{"line":23,"column":69}},"23":{"start":{"line":24,"column":0},"end":{"line":24,"column":3}},"25":{"start":{"line":26,"column":0},"end":{"line":26,"column":40}},"26":{"start":{"line":27,"column":0},"end":{"line":27,"column":25}},"27":{"start":{"line":28,"column":0},"end":{"line":28,"column":67}},"28":{"start":{"line":29,"column":0},"end":{"line":29,"column":3}},"30":{"start":{"line":31,"column":0},"end":{"line":31,"column":18}},"31":{"start":{"line":32,"column":0},"end":{"line":32,"column":36}},"32":{"start":{"line":33,"column":0},"end":{"line":33,"column":8}},"33":{"start":{"line":34,"column":0},"end":{"line":34,"column":55}},"34":{"start":{"line":35,"column":0},"end":{"line":35,"column":29}},"35":{"start":{"line":36,"column":0},"end":{"line":36,"column":7}},"36":{"start":{"line":37,"column":0},"end":{"line":37,"column":54}},"37":{"start":{"line":38,"column":0},"end":{"line":38,"column":20}},"38":{"start":{"line":39,"column":0},"end":{"line":39,"column":41}},"39":{"start":{"line":40,"column":0},"end":{"line":40,"column":8}},"40":{"start":{"line":41,"column":0},"end":{"line":41,"column":29}},"41":{"start":{"line":42,"column":0},"end":{"line":42,"column":128}},"42":{"start":{"line":43,"column":0},"end":{"line":43,"column":20}},"43":{"start":{"line":44,"column":0},"end":{"line":44,"column":65}},"44":{"start":{"line":45,"column":0},"end":{"line":45,"column":14}},"45":{"start":{"line":46,"column":0},"end":{"line":46,"column":4}},"46":{"start":{"line":47,"column":0},"end":{"line":47,"column":4}},"47":{"start":{"line":48,"column":0},"end":{"line":48,"column":17}},"48":{"start":{"line":49,"column":0},"end":{"line":49,"column":8}},"50":{"start":{"line":51,"column":0},"end":{"line":51,"column":18}},"51":{"start":{"line":52,"column":0},"end":{"line":52,"column":34}},"52":{"start":{"line":53,"column":0},"end":{"line":53,"column":17}},"53":{"start":{"line":54,"column":0},"end":{"line":54,"column":72}},"54":{"start":{"line":55,"column":0},"end":{"line":55,"column":26}},"55":{"start":{"line":56,"column":0},"end":{"line":56,"column":4}},"56":{"start":{"line":57,"column":0},"end":{"line":57,"column":21}},"57":{"start":{"line":58,"column":0},"end":{"line":58,"column":54}},"58":{"start":{"line":59,"column":0},"end":{"line":59,"column":65}},"59":{"start":{"line":60,"column":0},"end":{"line":60,"column":16}},"60":{"start":{"line":61,"column":0},"end":{"line":61,"column":58}},"61":{"start":{"line":62,"column":0},"end":{"line":62,"column":69}},"62":{"start":{"line":63,"column":0},"end":{"line":63,"column":4}},"63":{"start":{"line":64,"column":0},"end":{"line":64,"column":8}},"65":{"start":{"line":66,"column":0},"end":{"line":66,"column":56}},"66":{"start":{"line":67,"column":0},"end":{"line":67,"column":39}},"68":{"start":{"line":69,"column":0},"end":{"line":69,"column":7}},"69":{"start":{"line":70,"column":0},"end":{"line":70,"column":23}},"70":{"start":{"line":71,"column":0},"end":{"line":71,"column":68}},"71":{"start":{"line":72,"column":0},"end":{"line":72,"column":7}},"72":{"start":{"line":73,"column":0},"end":{"line":73,"column":48}},"73":{"start":{"line":74,"column":0},"end":{"line":74,"column":48}},"74":{"start":{"line":75,"column":0},"end":{"line":75,"column":42}},"75":{"start":{"line":76,"column":0},"end":{"line":76,"column":51}},"77":{"start":{"line":78,"column":0},"end":{"line":78,"column":8}},"78":{"start":{"line":79,"column":0},"end":{"line":79,"column":66}},"79":{"start":{"line":80,"column":0},"end":{"line":80,"column":13}},"80":{"start":{"line":81,"column":0},"end":{"line":81,"column":17}},"81":{"start":{"line":82,"column":0},"end":{"line":82,"column":78}},"82":{"start":{"line":83,"column":0},"end":{"line":83,"column":7}},"83":{"start":{"line":84,"column":0},"end":{"line":84,"column":49}},"84":{"start":{"line":85,"column":0},"end":{"line":85,"column":50}},"85":{"start":{"line":86,"column":0},"end":{"line":86,"column":43}},"86":{"start":{"line":87,"column":0},"end":{"line":87,"column":64}},"88":{"start":{"line":89,"column":0},"end":{"line":89,"column":9}},"89":{"start":{"line":90,"column":0},"end":{"line":90,"column":20}},"90":{"start":{"line":91,"column":0},"end":{"line":91,"column":43}},"91":{"start":{"line":92,"column":0},"end":{"line":92,"column":30}},"93":{"start":{"line":94,"column":0},"end":{"line":94,"column":9}},"94":{"start":{"line":95,"column":0},"end":{"line":95,"column":70}},"95":{"start":{"line":96,"column":0},"end":{"line":96,"column":55}},"96":{"start":{"line":97,"column":0},"end":{"line":97,"column":7}},"98":{"start":{"line":99,"column":0},"end":{"line":99,"column":11}},"99":{"start":{"line":100,"column":0},"end":{"line":100,"column":10}},"100":{"start":{"line":101,"column":0},"end":{"line":101,"column":59}},"101":{"start":{"line":102,"column":0},"end":{"line":102,"column":57}},"103":{"start":{"line":104,"column":0},"end":{"line":104,"column":38}},"104":{"start":{"line":105,"column":0},"end":{"line":105,"column":62}},"105":{"start":{"line":106,"column":0},"end":{"line":106,"column":12}},"106":{"start":{"line":107,"column":0},"end":{"line":107,"column":11}},"107":{"start":{"line":108,"column":0},"end":{"line":108,"column":10}},"108":{"start":{"line":109,"column":0},"end":{"line":109,"column":8}},"109":{"start":{"line":110,"column":0},"end":{"line":110,"column":66}},"110":{"start":{"line":111,"column":0},"end":{"line":111,"column":13}},"111":{"start":{"line":112,"column":0},"end":{"line":112,"column":17}},"112":{"start":{"line":113,"column":0},"end":{"line":113,"column":78}},"113":{"start":{"line":114,"column":0},"end":{"line":114,"column":7}},"114":{"start":{"line":115,"column":0},"end":{"line":115,"column":47}},"115":{"start":{"line":116,"column":0},"end":{"line":116,"column":50}},"116":{"start":{"line":117,"column":0},"end":{"line":117,"column":43}},"117":{"start":{"line":118,"column":0},"end":{"line":118,"column":64}},"119":{"start":{"line":120,"column":0},"end":{"line":120,"column":9}},"120":{"start":{"line":121,"column":0},"end":{"line":121,"column":20}},"121":{"start":{"line":122,"column":0},"end":{"line":122,"column":43}},"122":{"start":{"line":123,"column":0},"end":{"line":123,"column":30}},"124":{"start":{"line":125,"column":0},"end":{"line":125,"column":9}},"125":{"start":{"line":126,"column":0},"end":{"line":126,"column":21}},"126":{"start":{"line":127,"column":0},"end":{"line":127,"column":58}},"127":{"start":{"line":128,"column":0},"end":{"line":128,"column":50}},"128":{"start":{"line":129,"column":0},"end":{"line":129,"column":55}},"129":{"start":{"line":130,"column":0},"end":{"line":130,"column":7}},"131":{"start":{"line":132,"column":0},"end":{"line":132,"column":11}},"132":{"start":{"line":133,"column":0},"end":{"line":133,"column":10}},"133":{"start":{"line":134,"column":0},"end":{"line":134,"column":42}},"134":{"start":{"line":135,"column":0},"end":{"line":135,"column":57}},"136":{"start":{"line":137,"column":0},"end":{"line":137,"column":33}},"137":{"start":{"line":138,"column":0},"end":{"line":138,"column":57}},"138":{"start":{"line":139,"column":0},"end":{"line":139,"column":12}},"139":{"start":{"line":140,"column":0},"end":{"line":140,"column":11}},"140":{"start":{"line":141,"column":0},"end":{"line":141,"column":10}},"141":{"start":{"line":142,"column":0},"end":{"line":142,"column":9}},"143":{"start":{"line":144,"column":0},"end":{"line":144,"column":7}},"144":{"start":{"line":145,"column":0},"end":{"line":145,"column":22}},"145":{"start":{"line":146,"column":0},"end":{"line":146,"column":12}},"146":{"start":{"line":147,"column":0},"end":{"line":147,"column":16}},"147":{"start":{"line":148,"column":0},"end":{"line":148,"column":77}},"148":{"start":{"line":149,"column":0},"end":{"line":149,"column":6}},"149":{"start":{"line":150,"column":0},"end":{"line":150,"column":35}},"150":{"start":{"line":151,"column":0},"end":{"line":151,"column":38}},"151":{"start":{"line":152,"column":0},"end":{"line":152,"column":42}},"152":{"start":{"line":153,"column":0},"end":{"line":153,"column":63}},"154":{"start":{"line":155,"column":0},"end":{"line":155,"column":26}},"155":{"start":{"line":156,"column":0},"end":{"line":156,"column":8}},"156":{"start":{"line":157,"column":0},"end":{"line":157,"column":20}},"157":{"start":{"line":158,"column":0},"end":{"line":158,"column":57}},"158":{"start":{"line":159,"column":0},"end":{"line":159,"column":68}},"159":{"start":{"line":160,"column":0},"end":{"line":160,"column":54}},"160":{"start":{"line":161,"column":0},"end":{"line":161,"column":6}},"162":{"start":{"line":163,"column":0},"end":{"line":163,"column":10}},"163":{"start":{"line":164,"column":0},"end":{"line":164,"column":79}},"164":{"start":{"line":165,"column":0},"end":{"line":165,"column":46}},"165":{"start":{"line":166,"column":0},"end":{"line":166,"column":52}},"166":{"start":{"line":167,"column":0},"end":{"line":167,"column":12}},"167":{"start":{"line":168,"column":0},"end":{"line":168,"column":20}},"168":{"start":{"line":169,"column":0},"end":{"line":169,"column":48}},"169":{"start":{"line":170,"column":0},"end":{"line":170,"column":25}},"170":{"start":{"line":171,"column":0},"end":{"line":171,"column":39}},"171":{"start":{"line":172,"column":0},"end":{"line":172,"column":29}},"172":{"start":{"line":173,"column":0},"end":{"line":173,"column":11}},"174":{"start":{"line":175,"column":0},"end":{"line":175,"column":13}},"175":{"start":{"line":176,"column":0},"end":{"line":176,"column":98}},"176":{"start":{"line":177,"column":0},"end":{"line":177,"column":18}},"177":{"start":{"line":178,"column":0},"end":{"line":178,"column":66}},"178":{"start":{"line":179,"column":0},"end":{"line":179,"column":12}},"180":{"start":{"line":181,"column":0},"end":{"line":181,"column":36}},"181":{"start":{"line":182,"column":0},"end":{"line":182,"column":15}},"182":{"start":{"line":183,"column":0},"end":{"line":183,"column":55}},"183":{"start":{"line":184,"column":0},"end":{"line":184,"column":29}},"184":{"start":{"line":185,"column":0},"end":{"line":185,"column":63}},"185":{"start":{"line":186,"column":0},"end":{"line":186,"column":13}},"187":{"start":{"line":188,"column":0},"end":{"line":188,"column":73}},"189":{"start":{"line":190,"column":0},"end":{"line":190,"column":15}},"190":{"start":{"line":191,"column":0},"end":{"line":191,"column":40}},"191":{"start":{"line":192,"column":0},"end":{"line":192,"column":12}},"192":{"start":{"line":193,"column":0},"end":{"line":193,"column":74}},"193":{"start":{"line":194,"column":0},"end":{"line":194,"column":61}},"195":{"start":{"line":196,"column":0},"end":{"line":196,"column":31}},"196":{"start":{"line":197,"column":0},"end":{"line":197,"column":14}},"197":{"start":{"line":198,"column":0},"end":{"line":198,"column":12}},"198":{"start":{"line":199,"column":0},"end":{"line":199,"column":76}},"199":{"start":{"line":200,"column":0},"end":{"line":200,"column":61}},"201":{"start":{"line":202,"column":0},"end":{"line":202,"column":31}},"202":{"start":{"line":203,"column":0},"end":{"line":203,"column":14}},"203":{"start":{"line":204,"column":0},"end":{"line":204,"column":15}},"204":{"start":{"line":205,"column":0},"end":{"line":205,"column":14}},"205":{"start":{"line":206,"column":0},"end":{"line":206,"column":10}},"206":{"start":{"line":207,"column":0},"end":{"line":207,"column":11}},"207":{"start":{"line":208,"column":0},"end":{"line":208,"column":10}},"208":{"start":{"line":209,"column":0},"end":{"line":209,"column":9}},"209":{"start":{"line":210,"column":0},"end":{"line":210,"column":8}},"213":{"start":{"line":214,"column":0},"end":{"line":214,"column":9}},"214":{"start":{"line":215,"column":0},"end":{"line":215,"column":49}},"215":{"start":{"line":216,"column":0},"end":{"line":216,"column":18}},"216":{"start":{"line":217,"column":0},"end":{"line":217,"column":27}},"217":{"start":{"line":218,"column":0},"end":{"line":218,"column":31}},"218":{"start":{"line":219,"column":0},"end":{"line":219,"column":25}},"219":{"start":{"line":220,"column":0},"end":{"line":220,"column":5}},"220":{"start":{"line":221,"column":0},"end":{"line":221,"column":123}},"221":{"start":{"line":222,"column":0},"end":{"line":222,"column":117}},"223":{"start":{"line":224,"column":0},"end":{"line":224,"column":21}},"224":{"start":{"line":225,"column":0},"end":{"line":225,"column":10}},"225":{"start":{"line":226,"column":0},"end":{"line":226,"column":124}},"226":{"start":{"line":227,"column":0},"end":{"line":227,"column":15}},"227":{"start":{"line":228,"column":0},"end":{"line":228,"column":63}},"228":{"start":{"line":229,"column":0},"end":{"line":229,"column":9}},"229":{"start":{"line":230,"column":0},"end":{"line":230,"column":38}},"230":{"start":{"line":231,"column":0},"end":{"line":231,"column":41}},"231":{"start":{"line":232,"column":0},"end":{"line":232,"column":45}},"232":{"start":{"line":233,"column":0},"end":{"line":233,"column":54}},"234":{"start":{"line":235,"column":0},"end":{"line":235,"column":58}},"235":{"start":{"line":236,"column":0},"end":{"line":236,"column":53}},"236":{"start":{"line":237,"column":0},"end":{"line":237,"column":13}},"239":{"start":{"line":240,"column":0},"end":{"line":240,"column":11}},"240":{"start":{"line":241,"column":0},"end":{"line":241,"column":81}},"241":{"start":{"line":242,"column":0},"end":{"line":242,"column":40}},"242":{"start":{"line":243,"column":0},"end":{"line":243,"column":42}},"243":{"start":{"line":244,"column":0},"end":{"line":244,"column":46}},"244":{"start":{"line":245,"column":0},"end":{"line":245,"column":67}},"245":{"start":{"line":246,"column":0},"end":{"line":246,"column":16}},"246":{"start":{"line":247,"column":0},"end":{"line":247,"column":20}},"247":{"start":{"line":248,"column":0},"end":{"line":248,"column":81}},"248":{"start":{"line":249,"column":0},"end":{"line":249,"column":10}},"250":{"start":{"line":251,"column":0},"end":{"line":251,"column":59}},"251":{"start":{"line":252,"column":0},"end":{"line":252,"column":12}},"256":{"start":{"line":257,"column":0},"end":{"line":257,"column":13}},"257":{"start":{"line":258,"column":0},"end":{"line":258,"column":12}},"259":{"start":{"line":260,"column":0},"end":{"line":260,"column":38}},"260":{"start":{"line":261,"column":0},"end":{"line":261,"column":35}},"263":{"start":{"line":264,"column":0},"end":{"line":264,"column":17}},"265":{"start":{"line":266,"column":0},"end":{"line":266,"column":13}},"266":{"start":{"line":267,"column":0},"end":{"line":267,"column":12}},"269":{"start":{"line":270,"column":0},"end":{"line":270,"column":13}},"270":{"start":{"line":271,"column":0},"end":{"line":271,"column":14}},"271":{"start":{"line":272,"column":0},"end":{"line":272,"column":13}},"273":{"start":{"line":274,"column":0},"end":{"line":274,"column":11}},"274":{"start":{"line":275,"column":0},"end":{"line":275,"column":48}},"275":{"start":{"line":276,"column":0},"end":{"line":276,"column":39}},"276":{"start":{"line":277,"column":0},"end":{"line":277,"column":42}},"277":{"start":{"line":278,"column":0},"end":{"line":278,"column":46}},"278":{"start":{"line":279,"column":0},"end":{"line":279,"column":67}},"280":{"start":{"line":281,"column":0},"end":{"line":281,"column":33}},"281":{"start":{"line":282,"column":0},"end":{"line":282,"column":11}},"282":{"start":{"line":283,"column":0},"end":{"line":283,"column":34}},"283":{"start":{"line":284,"column":0},"end":{"line":284,"column":34}},"284":{"start":{"line":285,"column":0},"end":{"line":285,"column":34}},"285":{"start":{"line":286,"column":0},"end":{"line":286,"column":43}},"286":{"start":{"line":287,"column":0},"end":{"line":287,"column":31}},"287":{"start":{"line":288,"column":0},"end":{"line":288,"column":12}},"288":{"start":{"line":289,"column":0},"end":{"line":289,"column":36}},"289":{"start":{"line":290,"column":0},"end":{"line":290,"column":12}},"291":{"start":{"line":292,"column":0},"end":{"line":292,"column":13}},"292":{"start":{"line":293,"column":0},"end":{"line":293,"column":12}},"294":{"start":{"line":295,"column":0},"end":{"line":295,"column":10}},"295":{"start":{"line":296,"column":0},"end":{"line":296,"column":39}},"296":{"start":{"line":297,"column":0},"end":{"line":297,"column":38}},"297":{"start":{"line":298,"column":0},"end":{"line":298,"column":41}},"298":{"start":{"line":299,"column":0},"end":{"line":299,"column":45}},"299":{"start":{"line":300,"column":0},"end":{"line":300,"column":54}},"302":{"start":{"line":303,"column":0},"end":{"line":303,"column":11}},"303":{"start":{"line":304,"column":0},"end":{"line":304,"column":24}},"304":{"start":{"line":305,"column":0},"end":{"line":305,"column":39}},"305":{"start":{"line":306,"column":0},"end":{"line":306,"column":42}},"306":{"start":{"line":307,"column":0},"end":{"line":307,"column":46}},"307":{"start":{"line":308,"column":0},"end":{"line":308,"column":67}},"309":{"start":{"line":310,"column":0},"end":{"line":310,"column":59}},"310":{"start":{"line":311,"column":0},"end":{"line":311,"column":12}},"313":{"start":{"line":314,"column":0},"end":{"line":314,"column":13}},"314":{"start":{"line":315,"column":0},"end":{"line":315,"column":12}},"316":{"start":{"line":317,"column":0},"end":{"line":317,"column":28}},"317":{"start":{"line":318,"column":0},"end":{"line":318,"column":35}},"320":{"start":{"line":321,"column":0},"end":{"line":321,"column":17}},"325":{"start":{"line":326,"column":0},"end":{"line":326,"column":13}},"326":{"start":{"line":327,"column":0},"end":{"line":327,"column":14}},"327":{"start":{"line":328,"column":0},"end":{"line":328,"column":13}},"328":{"start":{"line":329,"column":0},"end":{"line":329,"column":11}},"329":{"start":{"line":330,"column":0},"end":{"line":330,"column":45}},"330":{"start":{"line":331,"column":0},"end":{"line":331,"column":46}},"331":{"start":{"line":332,"column":0},"end":{"line":332,"column":46}},"332":{"start":{"line":333,"column":0},"end":{"line":333,"column":67}},"334":{"start":{"line":335,"column":0},"end":{"line":335,"column":32}},"335":{"start":{"line":336,"column":0},"end":{"line":336,"column":32}},"336":{"start":{"line":337,"column":0},"end":{"line":337,"column":32}},"337":{"start":{"line":338,"column":0},"end":{"line":338,"column":41}},"338":{"start":{"line":339,"column":0},"end":{"line":339,"column":30}},"339":{"start":{"line":340,"column":0},"end":{"line":340,"column":10}},"340":{"start":{"line":341,"column":0},"end":{"line":341,"column":35}},"341":{"start":{"line":342,"column":0},"end":{"line":342,"column":13}},"342":{"start":{"line":343,"column":0},"end":{"line":343,"column":12}},"344":{"start":{"line":345,"column":0},"end":{"line":345,"column":10}},"345":{"start":{"line":346,"column":0},"end":{"line":346,"column":9}},"346":{"start":{"line":347,"column":0},"end":{"line":347,"column":8}},"348":{"start":{"line":349,"column":0},"end":{"line":349,"column":2}},"350":{"start":{"line":351,"column":0},"end":{"line":351,"column":30}}},"s":{"0":1,"1":1,"2":1,"3":1,"4":1,"5":1,"6":1,"8":1,"9":10,"10":10,"11":10,"12":10,"13":10,"14":10,"16":10,"17":10,"18":10,"19":10,"20":10,"21":10,"22":10,"23":10,"25":10,"26":1,"27":1,"28":1,"30":10,"31":3,"32":3,"33":3,"34":3,"35":3,"36":3,"37":6,"38":6,"39":3,"40":3,"41":3,"42":3,"43":0,"44":0,"45":0,"46":3,"47":3,"48":10,"50":10,"51":3,"52":3,"53":3,"54":3,"55":3,"56":3,"57":3,"58":3,"59":3,"60":3,"61":3,"62":3,"63":10,"65":10,"66":10,"68":10,"69":10,"70":10,"71":10,"72":10,"73":10,"74":10,"75":10,"77":10,"78":10,"79":10,"80":10,"81":10,"82":10,"83":10,"84":10,"85":10,"86":10,"88":10,"89":10,"90":10,"91":10,"93":10,"94":10,"95":10,"96":10,"98":10,"99":10,"100":10,"101":10,"103":10,"104":4,"105":10,"106":10,"107":10,"108":10,"109":10,"110":10,"111":10,"112":10,"113":10,"114":10,"115":10,"116":10,"117":10,"119":10,"120":10,"121":10,"122":10,"124":10,"125":10,"126":10,"127":10,"128":10,"129":10,"131":10,"132":10,"133":10,"134":10,"136":10,"137":4,"138":10,"139":10,"140":10,"141":10,"143":10,"144":10,"145":10,"146":10,"147":10,"148":10,"149":10,"150":10,"151":10,"152":10,"154":10,"155":10,"156":10,"157":10,"158":10,"159":10,"160":10,"162":10,"163":10,"164":10,"165":4,"166":0,"167":0,"168":0,"169":0,"170":0,"171":0,"172":0,"174":0,"175":0,"176":0,"177":0,"178":0,"180":0,"181":0,"182":0,"183":0,"184":0,"185":0,"187":0,"189":0,"190":0,"191":0,"192":0,"193":0,"195":0,"196":0,"197":0,"198":0,"199":0,"201":0,"202":0,"203":0,"204":0,"205":4,"206":10,"207":10,"208":10,"209":10,"213":10,"214":10,"215":10,"216":10,"217":10,"218":10,"219":10,"220":10,"221":10,"223":10,"224":7,"225":7,"226":7,"227":7,"228":7,"229":7,"230":7,"231":7,"232":7,"234":7,"235":7,"236":7,"239":7,"240":7,"241":7,"242":7,"243":7,"244":7,"245":7,"246":7,"247":7,"248":7,"250":7,"251":7,"256":7,"257":7,"259":7,"260":7,"263":7,"265":7,"266":7,"269":7,"270":7,"271":7,"273":7,"274":7,"275":7,"276":7,"277":7,"278":7,"280":7,"281":7,"282":7,"283":7,"284":7,"285":7,"286":7,"287":7,"288":7,"289":7,"291":7,"292":7,"294":3,"295":3,"296":3,"297":3,"298":3,"299":3,"302":3,"303":3,"304":3,"305":3,"306":3,"307":3,"309":3,"310":3,"313":3,"314":3,"316":3,"317":3,"320":3,"325":3,"326":3,"327":3,"328":3,"329":3,"330":3,"331":3,"332":3,"334":3,"335":3,"336":3,"337":3,"338":3,"339":3,"340":3,"341":3,"342":3,"344":10,"345":10,"346":10,"348":10,"350":1},"branchMap":{"0":{"type":"branch","line":9,"loc":{"start":{"line":9,"column":23},"end":{"line":349,"column":2}},"locations":[{"start":{"line":9,"column":23},"end":{"line":349,"column":2}}]},"1":{"type":"branch","line":224,"loc":{"start":{"line":224,"column":6},"end":{"line":293,"column":12}},"locations":[{"start":{"line":224,"column":6},"end":{"line":293,"column":12}}]},"2":{"type":"branch","line":293,"loc":{"start":{"line":293,"column":6},"end":{"line":343,"column":12}},"locations":[{"start":{"line":293,"column":6},"end":{"line":343,"column":12}}]},"3":{"type":"branch","line":26,"loc":{"start":{"line":26,"column":26},"end":{"line":29,"column":3}},"locations":[{"start":{"line":26,"column":26},"end":{"line":29,"column":3}}]},"4":{"type":"branch","line":28,"loc":{"start":{"line":28,"column":34},"end":{"line":28,"column":64}},"locations":[{"start":{"line":28,"column":34},"end":{"line":28,"column":64}}]},"5":{"type":"branch","line":31,"loc":{"start":{"line":31,"column":11},"end":{"line":49,"column":4}},"locations":[{"start":{"line":31,"column":11},"end":{"line":49,"column":4}}]},"6":{"type":"branch","line":32,"loc":{"start":{"line":32,"column":23},"end":{"line":47,"column":4}},"locations":[{"start":{"line":32,"column":23},"end":{"line":47,"column":4}}]},"7":{"type":"branch","line":43,"loc":{"start":{"line":43,"column":3},"end":{"line":46,"column":4}},"locations":[{"start":{"line":43,"column":3},"end":{"line":46,"column":4}}]},"8":{"type":"branch","line":37,"loc":{"start":{"line":37,"column":42},"end":{"line":40,"column":6}},"locations":[{"start":{"line":37,"column":42},"end":{"line":40,"column":6}}]},"9":{"type":"branch","line":42,"loc":{"start":{"line":42,"column":39},"end":{"line":42,"column":66}},"locations":[{"start":{"line":42,"column":39},"end":{"line":42,"column":66}}]},"10":{"type":"branch","line":51,"loc":{"start":{"line":51,"column":11},"end":{"line":64,"column":4}},"locations":[{"start":{"line":51,"column":11},"end":{"line":64,"column":4}}]},"11":{"type":"branch","line":52,"loc":{"start":{"line":52,"column":27},"end":{"line":56,"column":4}},"locations":[{"start":{"line":52,"column":27},"end":{"line":56,"column":4}}]},"12":{"type":"branch","line":60,"loc":{"start":{"line":60,"column":9},"end":{"line":63,"column":4}},"locations":[{"start":{"line":60,"column":9},"end":{"line":63,"column":4}}]},"13":{"type":"branch","line":66,"loc":{"start":{"line":66,"column":28},"end":{"line":210,"column":8}},"locations":[{"start":{"line":66,"column":28},"end":{"line":210,"column":8}}]},"14":{"type":"branch","line":71,"loc":{"start":{"line":71,"column":5},"end":{"line":71,"column":31}},"locations":[{"start":{"line":71,"column":5},"end":{"line":71,"column":31}}]},"15":{"type":"branch","line":71,"loc":{"start":{"line":71,"column":21},"end":{"line":71,"column":68}},"locations":[{"start":{"line":71,"column":21},"end":{"line":71,"column":68}}]},"16":{"type":"branch","line":79,"loc":{"start":{"line":79,"column":19},"end":{"line":79,"column":45}},"locations":[{"start":{"line":79,"column":19},"end":{"line":79,"column":45}}]},"17":{"type":"branch","line":79,"loc":{"start":{"line":79,"column":35},"end":{"line":79,"column":56}},"locations":[{"start":{"line":79,"column":35},"end":{"line":79,"column":56}}]},"18":{"type":"branch","line":91,"loc":{"start":{"line":91,"column":7},"end":{"line":91,"column":31}},"locations":[{"start":{"line":91,"column":7},"end":{"line":91,"column":31}}]},"19":{"type":"branch","line":91,"loc":{"start":{"line":91,"column":23},"end":{"line":91,"column":43}},"locations":[{"start":{"line":91,"column":23},"end":{"line":91,"column":43}}]},"20":{"type":"branch","line":104,"loc":{"start":{"line":104,"column":8},"end":{"line":104,"column":38}},"locations":[{"start":{"line":104,"column":8},"end":{"line":104,"column":38}}]},"21":{"type":"branch","line":104,"loc":{"start":{"line":104,"column":24},"end":{"line":105,"column":62}},"locations":[{"start":{"line":104,"column":24},"end":{"line":105,"column":62}}]},"22":{"type":"branch","line":110,"loc":{"start":{"line":110,"column":19},"end":{"line":110,"column":45}},"locations":[{"start":{"line":110,"column":19},"end":{"line":110,"column":45}}]},"23":{"type":"branch","line":110,"loc":{"start":{"line":110,"column":35},"end":{"line":110,"column":56}},"locations":[{"start":{"line":110,"column":35},"end":{"line":110,"column":56}}]},"24":{"type":"branch","line":122,"loc":{"start":{"line":122,"column":7},"end":{"line":122,"column":31}},"locations":[{"start":{"line":122,"column":7},"end":{"line":122,"column":31}}]},"25":{"type":"branch","line":122,"loc":{"start":{"line":122,"column":23},"end":{"line":122,"column":43}},"locations":[{"start":{"line":122,"column":23},"end":{"line":122,"column":43}}]},"26":{"type":"branch","line":127,"loc":{"start":{"line":127,"column":8},"end":{"line":127,"column":36}},"locations":[{"start":{"line":127,"column":8},"end":{"line":127,"column":36}}]},"27":{"type":"branch","line":127,"loc":{"start":{"line":127,"column":24},"end":{"line":127,"column":58}},"locations":[{"start":{"line":127,"column":24},"end":{"line":127,"column":58}}]},"28":{"type":"branch","line":137,"loc":{"start":{"line":137,"column":8},"end":{"line":137,"column":33}},"locations":[{"start":{"line":137,"column":8},"end":{"line":137,"column":33}}]},"29":{"type":"branch","line":137,"loc":{"start":{"line":137,"column":24},"end":{"line":138,"column":57}},"locations":[{"start":{"line":137,"column":24},"end":{"line":138,"column":57}}]},"30":{"type":"branch","line":158,"loc":{"start":{"line":158,"column":7},"end":{"line":158,"column":35}},"locations":[{"start":{"line":158,"column":7},"end":{"line":158,"column":35}}]},"31":{"type":"branch","line":158,"loc":{"start":{"line":158,"column":23},"end":{"line":158,"column":57}},"locations":[{"start":{"line":158,"column":23},"end":{"line":158,"column":57}}]},"32":{"type":"branch","line":165,"loc":{"start":{"line":165,"column":21},"end":{"line":165,"column":42}},"locations":[{"start":{"line":165,"column":21},"end":{"line":165,"column":42}}]},"33":{"type":"branch","line":165,"loc":{"start":{"line":165,"column":42},"end":{"line":206,"column":10}},"locations":[{"start":{"line":165,"column":42},"end":{"line":206,"column":10}}]}},"b":{"0":[10],"1":[7],"2":[3],"3":[1],"4":[2],"5":[3],"6":[3],"7":[0],"8":[6],"9":[3],"10":[3],"11":[3],"12":[3],"13":[10],"14":[7],"15":[3],"16":[7],"17":[3],"18":[7],"19":[3],"20":[4],"21":[4],"22":[7],"23":[3],"24":[7],"25":[3],"26":[7],"27":[3],"28":[4],"29":[4],"30":[7],"31":[3],"32":[4],"33":[4]},"fnMap":{"0":{"name":"SubteamSection","decl":{"start":{"line":9,"column":23},"end":{"line":349,"column":2}},"loc":{"start":{"line":9,"column":23},"end":{"line":349,"column":2}},"line":9},"1":{"name":"changeActiveTeam","decl":{"start":{"line":26,"column":26},"end":{"line":29,"column":3}},"loc":{"start":{"line":26,"column":26},"end":{"line":29,"column":3}},"line":26},"2":{"name":"fetchContent","decl":{"start":{"line":32,"column":23},"end":{"line":47,"column":4}},"loc":{"start":{"line":32,"column":23},"end":{"line":47,"column":4}},"line":32},"3":{"name":"checkOrientation","decl":{"start":{"line":52,"column":27},"end":{"line":56,"column":4}},"loc":{"start":{"line":52,"column":27},"end":{"line":56,"column":4}},"line":52},"4":{"name":"renderContentBoxes","decl":{"start":{"line":66,"column":28},"end":{"line":210,"column":8}},"loc":{"start":{"line":66,"column":28},"end":{"line":210,"column":8}},"line":66}},"f":{"0":10,"1":1,"2":3,"3":3,"4":10}}
,"C:\\Users\\rache\\Documents\\Programming\\Robotics\\TeamWebsite\\RavVersion\\3588site\\src\\components\\ui\\GradientButton.jsx": {"path":"C:\\Users\\rache\\Documents\\Programming\\Robotics\\TeamWebsite\\RavVersion\\3588site\\src\\components\\ui\\GradientButton.jsx","all":false,"statementMap":{"2":{"start":{"line":3,"column":0},"end":{"line":3,"column":26}},"4":{"start":{"line":5,"column":0},"end":{"line":5,"column":48}},"5":{"start":{"line":6,"column":0},"end":{"line":6,"column":10}},"6":{"start":{"line":7,"column":0},"end":{"line":7,"column":6}},"7":{"start":{"line":8,"column":0},"end":{"line":8,"column":17}},"8":{"start":{"line":9,"column":0},"end":{"line":9,"column":21}},"9":{"start":{"line":10,"column":0},"end":{"line":10,"column":31}},"11":{"start":{"line":12,"column":0},"end":{"line":12,"column":243}},"13":{"start":{"line":14,"column":0},"end":{"line":14,"column":16}},"14":{"start":{"line":15,"column":0},"end":{"line":15,"column":8}},"16":{"start":{"line":17,"column":0},"end":{"line":17,"column":2}},"18":{"start":{"line":19,"column":0},"end":{"line":19,"column":30}}},"s":{"2":1,"4":1,"5":2,"6":2,"7":2,"8":2,"9":2,"11":2,"13":2,"14":2,"16":2,"18":1},"branchMap":{"0":{"type":"branch","line":5,"loc":{"start":{"line":5,"column":23},"end":{"line":17,"column":2}},"locations":[{"start":{"line":5,"column":23},"end":{"line":17,"column":2}}]}},"b":{"0":[2]},"fnMap":{"0":{"name":"GradientButton","decl":{"start":{"line":5,"column":23},"end":{"line":17,"column":2}},"loc":{"start":{"line":5,"column":23},"end":{"line":17,"column":2}},"line":5}},"f":{"0":2}}
,"C:\\Users\\rache\\Documents\\Programming\\Robotics\\TeamWebsite\\RavVersion\\3588site\\src\\components\\ui\\GradientFrame.jsx": {"path":"C:\\Users\\rache\\Documents\\Programming\\Robotics\\TeamWebsite\\RavVersion\\3588site\\src\\components\\ui\\GradientFrame.jsx","all":false,"statementMap":{"0":{"start":{"line":1,"column":0},"end":{"line":1,"column":26}},"2":{"start":{"line":3,"column":0},"end":{"line":3,"column":39}},"3":{"start":{"line":4,"column":0},"end":{"line":4,"column":9}},"4":{"start":{"line":5,"column":0},"end":{"line":5,"column":6}},"5":{"start":{"line":6,"column":0},"end":{"line":6,"column":87}},"6":{"start":{"line":7,"column":0},"end":{"line":7,"column":11}},"7":{"start":{"line":8,"column":0},"end":{"line":8,"column":20}},"8":{"start":{"line":9,"column":0},"end":{"line":9,"column":77}},"9":{"start":{"line":10,"column":0},"end":{"line":10,"column":5}},"11":{"start":{"line":12,"column":0},"end":{"line":12,"column":13}},"12":{"start":{"line":13,"column":0},"end":{"line":13,"column":8}},"14":{"start":{"line":15,"column":0},"end":{"line":15,"column":2}},"16":{"start":{"line":17,"column":0},"end":{"line":17,"column":29}}},"s":{"0":1,"2":1,"3":1,"4":1,"5":1,"6":1,"7":1,"8":1,"9":1,"11":1,"12":1,"14":1,"16":1},"branchMap":{"0":{"type":"branch","line":3,"loc":{"start":{"line":3,"column":22},"end":{"line":15,"column":2}},"locations":[{"start":{"line":3,"column":22},"end":{"line":15,"column":2}}]}},"b":{"0":[1]},"fnMap":{"0":{"name":"GradientFrame","decl":{"start":{"line":3,"column":22},"end":{"line":15,"column":2}},"loc":{"start":{"line":3,"column":22},"end":{"line":15,"column":2}},"line":3}},"f":{"0":1}}
,"C:\\Users\\rache\\Documents\\Programming\\Robotics\\TeamWebsite\\RavVersion\\3588site\\src\\components\\ui\\GradientImageFrame.jsx": {"path":"C:\\Users\\rache\\Documents\\Programming\\Robotics\\TeamWebsite\\RavVersion\\3588site\\src\\components\\ui\\GradientImageFrame.jsx","all":false,"statementMap":{"0":{"start":{"line":1,"column":0},"end":{"line":1,"column":26}},"2":{"start":{"line":3,"column":0},"end":{"line":3,"column":46}},"3":{"start":{"line":4,"column":0},"end":{"line":4,"column":10}},"4":{"start":{"line":5,"column":0},"end":{"line":5,"column":8}},"5":{"start":{"line":6,"column":0},"end":{"line":6,"column":42}},"6":{"start":{"line":7,"column":0},"end":{"line":7,"column":14}},"7":{"start":{"line":8,"column":0},"end":{"line":8,"column":24}},"8":{"start":{"line":9,"column":0},"end":{"line":9,"column":82}},"9":{"start":{"line":10,"column":0},"end":{"line":10,"column":8}},"11":{"start":{"line":12,"column":0},"end":{"line":12,"column":69}},"12":{"start":{"line":13,"column":0},"end":{"line":13,"column":18}},"13":{"start":{"line":14,"column":0},"end":{"line":14,"column":12}},"14":{"start":{"line":15,"column":0},"end":{"line":15,"column":10}},"16":{"start":{"line":17,"column":0},"end":{"line":17,"column":2}},"18":{"start":{"line":19,"column":0},"end":{"line":19,"column":34}}},"s":{"0":1,"2":1,"3":1,"4":1,"5":1,"6":1,"7":1,"8":1,"9":1,"11":1,"12":1,"13":1,"14":1,"16":1,"18":1},"branchMap":{"0":{"type":"branch","line":3,"loc":{"start":{"line":3,"column":27},"end":{"line":17,"column":2}},"locations":[{"start":{"line":3,"column":27},"end":{"line":17,"column":2}}]}},"b":{"0":[1]},"fnMap":{"0":{"name":"GradientImageFrame","decl":{"start":{"line":3,"column":27},"end":{"line":17,"column":2}},"loc":{"start":{"line":3,"column":27},"end":{"line":17,"column":2}},"line":3}},"f":{"0":1}}
,"C:\\Users\\rache\\Documents\\Programming\\Robotics\\TeamWebsite\\RavVersion\\3588site\\src\\components\\ui\\backgrounds\\DynamicBackground.jsx": {"path":"C:\\Users\\rache\\Documents\\Programming\\Robotics\\TeamWebsite\\RavVersion\\3588site\\src\\components\\ui\\backgrounds\\DynamicBackground.jsx","all":false,"statementMap":{"0":{"start":{"line":1,"column":0},"end":{"line":1,"column":46}},"2":{"start":{"line":3,"column":0},"end":{"line":3,"column":44}},"3":{"start":{"line":4,"column":0},"end":{"line":4,"column":44}},"4":{"start":{"line":5,"column":0},"end":{"line":5,"column":58}},"5":{"start":{"line":6,"column":0},"end":{"line":6,"column":52}},"6":{"start":{"line":7,"column":0},"end":{"line":7,"column":48}},"7":{"start":{"line":8,"column":0},"end":{"line":8,"column":48}},"8":{"start":{"line":9,"column":0},"end":{"line":9,"column":48}},"10":{"start":{"line":11,"column":0},"end":{"line":11,"column":30}},"11":{"start":{"line":12,"column":0},"end":{"line":12,"column":15}},"12":{"start":{"line":13,"column":0},"end":{"line":13,"column":28}},"13":{"start":{"line":14,"column":0},"end":{"line":14,"column":24}},"14":{"start":{"line":15,"column":0},"end":{"line":15,"column":20}},"15":{"start":{"line":16,"column":0},"end":{"line":16,"column":15}},"16":{"start":{"line":17,"column":0},"end":{"line":17,"column":17}},"17":{"start":{"line":18,"column":0},"end":{"line":18,"column":2}},"19":{"start":{"line":20,"column":0},"end":{"line":20,"column":25}},"20":{"start":{"line":21,"column":0},"end":{"line":21,"column":8}},"21":{"start":{"line":22,"column":0},"end":{"line":22,"column":15}},"22":{"start":{"line":23,"column":0},"end":{"line":23,"column":12}},"23":{"start":{"line":24,"column":0},"end":{"line":24,"column":25}},"24":{"start":{"line":25,"column":0},"end":{"line":25,"column":27}},"25":{"start":{"line":26,"column":0},"end":{"line":26,"column":19}},"26":{"start":{"line":27,"column":0},"end":{"line":27,"column":21}},"27":{"start":{"line":28,"column":0},"end":{"line":28,"column":21}},"28":{"start":{"line":29,"column":0},"end":{"line":29,"column":20}},"29":{"start":{"line":30,"column":0},"end":{"line":30,"column":24}},"30":{"start":{"line":31,"column":0},"end":{"line":31,"column":4}},"31":{"start":{"line":32,"column":0},"end":{"line":32,"column":16}},"32":{"start":{"line":33,"column":0},"end":{"line":33,"column":20}},"33":{"start":{"line":34,"column":0},"end":{"line":34,"column":25}},"34":{"start":{"line":35,"column":0},"end":{"line":35,"column":25}},"35":{"start":{"line":36,"column":0},"end":{"line":36,"column":17}},"36":{"start":{"line":37,"column":0},"end":{"line":37,"column":4}},"37":{"start":{"line":38,"column":0},"end":{"line":38,"column":15}},"38":{"start":{"line":39,"column":0},"end":{"line":39,"column":13}},"39":{"start":{"line":40,"column":0},"end":{"line":40,"column":15}},"40":{"start":{"line":41,"column":0},"end":{"line":41,"column":13}},"41":{"start":{"line":42,"column":0},"end":{"line":42,"column":17}},"42":{"start":{"line":43,"column":0},"end":{"line":43,"column":12}},"43":{"start":{"line":44,"column":0},"end":{"line":44,"column":4}},"44":{"start":{"line":45,"column":0},"end":{"line":45,"column":13}},"45":{"start":{"line":46,"column":0},"end":{"line":46,"column":14}},"46":{"start":{"line":47,"column":0},"end":{"line":47,"column":18}},"47":{"start":{"line":48,"column":0},"end":{"line":48,"column":21}},"48":{"start":{"line":49,"column":0},"end":{"line":49,"column":23}},"49":{"start":{"line":50,"column":0},"end":{"line":50,"column":23}},"50":{"start":{"line":51,"column":0},"end":{"line":51,"column":46}},"51":{"start":{"line":52,"column":0},"end":{"line":52,"column":4}},"52":{"start":{"line":53,"column":0},"end":{"line":53,"column":8}},"53":{"start":{"line":54,"column":0},"end":{"line":54,"column":15}},"54":{"start":{"line":55,"column":0},"end":{"line":55,"column":19}},"55":{"start":{"line":56,"column":0},"end":{"line":56,"column":26}},"56":{"start":{"line":57,"column":0},"end":{"line":57,"column":24}},"57":{"start":{"line":58,"column":0},"end":{"line":58,"column":27}},"58":{"start":{"line":59,"column":0},"end":{"line":59,"column":4}},"59":{"start":{"line":60,"column":0},"end":{"line":60,"column":12}},"60":{"start":{"line":61,"column":0},"end":{"line":61,"column":22}},"61":{"start":{"line":62,"column":0},"end":{"line":62,"column":48}},"62":{"start":{"line":63,"column":0},"end":{"line":63,"column":21}},"63":{"start":{"line":64,"column":0},"end":{"line":64,"column":21}},"64":{"start":{"line":65,"column":0},"end":{"line":65,"column":17}},"65":{"start":{"line":66,"column":0},"end":{"line":66,"column":17}},"66":{"start":{"line":67,"column":0},"end":{"line":67,"column":18}},"67":{"start":{"line":68,"column":0},"end":{"line":68,"column":18}},"68":{"start":{"line":69,"column":0},"end":{"line":69,"column":23}},"69":{"start":{"line":70,"column":0},"end":{"line":70,"column":13}},"70":{"start":{"line":71,"column":0},"end":{"line":71,"column":13}},"71":{"start":{"line":72,"column":0},"end":{"line":72,"column":4}},"72":{"start":{"line":73,"column":0},"end":{"line":73,"column":2}},"74":{"start":{"line":75,"column":0},"end":{"line":75,"column":47}},"75":{"start":{"line":76,"column":0},"end":{"line":76,"column":95}},"76":{"start":{"line":77,"column":0},"end":{"line":77,"column":71}},"78":{"start":{"line":79,"column":0},"end":{"line":79,"column":10}},"79":{"start":{"line":80,"column":0},"end":{"line":80,"column":30}},"80":{"start":{"line":81,"column":0},"end":{"line":81,"column":40}},"81":{"start":{"line":82,"column":0},"end":{"line":82,"column":15}},"83":{"start":{"line":84,"column":0},"end":{"line":84,"column":2}},"85":{"start":{"line":86,"column":0},"end":{"line":86,"column":33}}},"s":{"0":1,"2":1,"3":1,"4":1,"5":1,"6":1,"7":1,"8":1,"10":1,"11":1,"12":1,"13":1,"14":1,"15":1,"16":1,"17":1,"19":1,"20":1,"21":1,"22":1,"23":1,"24":1,"25":1,"26":1,"27":1,"28":1,"29":1,"30":1,"31":1,"32":1,"33":1,"34":1,"35":1,"36":1,"37":1,"38":1,"39":1,"40":1,"41":1,"42":1,"43":1,"44":1,"45":1,"46":1,"47":1,"48":1,"49":1,"50":1,"51":1,"52":1,"53":1,"54":1,"55":1,"56":1,"57":1,"58":1,"59":1,"60":1,"61":1,"62":1,"63":1,"64":1,"65":1,"66":1,"67":1,"68":1,"69":1,"70":1,"71":1,"72":1,"74":1,"75":7,"76":7,"78":7,"79":7,"80":7,"81":7,"83":7,"85":1},"branchMap":{"0":{"type":"branch","line":3,"loc":{"start":{"line":3,"column":19},"end":{"line":3,"column":44}},"locations":[{"start":{"line":3,"column":19},"end":{"line":3,"column":44}}]},"1":{"type":"branch","line":9,"loc":{"start":{"line":9,"column":21},"end":{"line":9,"column":48}},"locations":[{"start":{"line":9,"column":21},"end":{"line":9,"column":48}}]},"2":{"type":"branch","line":75,"loc":{"start":{"line":75,"column":26},"end":{"line":84,"column":2}},"locations":[{"start":{"line":75,"column":26},"end":{"line":84,"column":2}}]},"3":{"type":"branch","line":76,"loc":{"start":{"line":76,"column":61},"end":{"line":76,"column":95}},"locations":[{"start":{"line":76,"column":61},"end":{"line":76,"column":95}}]},"4":{"type":"branch","line":77,"loc":{"start":{"line":77,"column":42},"end":{"line":77,"column":71}},"locations":[{"start":{"line":77,"column":42},"end":{"line":77,"column":71}}]}},"b":{"0":[1],"1":[1],"2":[7],"3":[6],"4":[6]},"fnMap":{"0":{"name":"DynamicBackground","decl":{"start":{"line":75,"column":26},"end":{"line":84,"column":2}},"loc":{"start":{"line":75,"column":26},"end":{"line":84,"column":2}},"line":75}},"f":{"0":7}}
,"C:\\Users\\rache\\Documents\\Programming\\Robotics\\TeamWebsite\\RavVersion\\3588site\\src\\components\\ui\\interactiveChart\\InteractiveSubteamChart.jsx": {"path":"C:\\Users\\rache\\Documents\\Programming\\Robotics\\TeamWebsite\\RavVersion\\3588site\\src\\components\\ui\\interactiveChart\\InteractiveSubteamChart.jsx","all":false,"statementMap":{"0":{"start":{"line":1,"column":0},"end":{"line":1,"column":51}},"1":{"start":{"line":2,"column":0},"end":{"line":2,"column":34}},"3":{"start":{"line":4,"column":0},"end":{"line":4,"column":105}},"4":{"start":{"line":5,"column":0},"end":{"line":5,"column":43}},"5":{"start":{"line":6,"column":0},"end":{"line":6,"column":84}},"6":{"start":{"line":7,"column":0},"end":{"line":7,"column":4}},"8":{"start":{"line":9,"column":0},"end":{"line":9,"column":19}},"9":{"start":{"line":10,"column":0},"end":{"line":10,"column":32}},"10":{"start":{"line":11,"column":0},"end":{"line":11,"column":67}},"11":{"start":{"line":12,"column":0},"end":{"line":12,"column":6}},"12":{"start":{"line":13,"column":0},"end":{"line":13,"column":52}},"13":{"start":{"line":14,"column":0},"end":{"line":14,"column":68}},"14":{"start":{"line":15,"column":0},"end":{"line":15,"column":9}},"17":{"start":{"line":18,"column":0},"end":{"line":18,"column":87}},"18":{"start":{"line":19,"column":0},"end":{"line":19,"column":77}},"20":{"start":{"line":21,"column":0},"end":{"line":21,"column":10}},"21":{"start":{"line":22,"column":0},"end":{"line":22,"column":128}},"23":{"start":{"line":24,"column":0},"end":{"line":24,"column":19}},"24":{"start":{"line":25,"column":0},"end":{"line":25,"column":37}},"25":{"start":{"line":26,"column":0},"end":{"line":26,"column":17}},"26":{"start":{"line":27,"column":0},"end":{"line":27,"column":35}},"27":{"start":{"line":28,"column":0},"end":{"line":28,"column":34}},"28":{"start":{"line":29,"column":0},"end":{"line":29,"column":54}},"29":{"start":{"line":30,"column":0},"end":{"line":30,"column":42}},"30":{"start":{"line":31,"column":0},"end":{"line":31,"column":32}},"31":{"start":{"line":32,"column":0},"end":{"line":32,"column":83}},"32":{"start":{"line":33,"column":0},"end":{"line":33,"column":21}},"33":{"start":{"line":34,"column":0},"end":{"line":34,"column":175}},"34":{"start":{"line":35,"column":0},"end":{"line":35,"column":84}},"35":{"start":{"line":36,"column":0},"end":{"line":36,"column":123}},"36":{"start":{"line":37,"column":0},"end":{"line":37,"column":121}},"37":{"start":{"line":38,"column":0},"end":{"line":38,"column":64}},"38":{"start":{"line":39,"column":0},"end":{"line":39,"column":123}},"39":{"start":{"line":40,"column":0},"end":{"line":40,"column":14}},"40":{"start":{"line":41,"column":0},"end":{"line":41,"column":12}},"41":{"start":{"line":42,"column":0},"end":{"line":42,"column":14}},"43":{"start":{"line":44,"column":0},"end":{"line":44,"column":73}},"44":{"start":{"line":45,"column":0},"end":{"line":45,"column":42}},"45":{"start":{"line":46,"column":0},"end":{"line":46,"column":53}},"46":{"start":{"line":47,"column":0},"end":{"line":47,"column":78}},"47":{"start":{"line":48,"column":0},"end":{"line":48,"column":72}},"48":{"start":{"line":49,"column":0},"end":{"line":49,"column":20}},"49":{"start":{"line":50,"column":0},"end":{"line":50,"column":125}},"51":{"start":{"line":52,"column":0},"end":{"line":52,"column":21}},"52":{"start":{"line":53,"column":0},"end":{"line":53,"column":225}},"53":{"start":{"line":54,"column":0},"end":{"line":54,"column":27}},"54":{"start":{"line":55,"column":0},"end":{"line":55,"column":76}},"55":{"start":{"line":56,"column":0},"end":{"line":56,"column":54}},"56":{"start":{"line":57,"column":0},"end":{"line":57,"column":58}},"57":{"start":{"line":58,"column":0},"end":{"line":58,"column":57}},"58":{"start":{"line":59,"column":0},"end":{"line":59,"column":58}},"59":{"start":{"line":60,"column":0},"end":{"line":60,"column":60}},"60":{"start":{"line":61,"column":0},"end":{"line":61,"column":41}},"61":{"start":{"line":62,"column":0},"end":{"line":62,"column":45}},"62":{"start":{"line":63,"column":0},"end":{"line":63,"column":31}},"63":{"start":{"line":64,"column":0},"end":{"line":64,"column":50}},"64":{"start":{"line":65,"column":0},"end":{"line":65,"column":20}},"66":{"start":{"line":67,"column":0},"end":{"line":67,"column":23}},"67":{"start":{"line":68,"column":0},"end":{"line":68,"column":78}},"68":{"start":{"line":69,"column":0},"end":{"line":69,"column":28}},"69":{"start":{"line":70,"column":0},"end":{"line":70,"column":36}},"70":{"start":{"line":71,"column":0},"end":{"line":71,"column":37}},"71":{"start":{"line":72,"column":0},"end":{"line":72,"column":22}},"73":{"start":{"line":74,"column":0},"end":{"line":74,"column":25}},"74":{"start":{"line":75,"column":0},"end":{"line":75,"column":30}},"75":{"start":{"line":76,"column":0},"end":{"line":76,"column":40}},"76":{"start":{"line":77,"column":0},"end":{"line":77,"column":45}},"77":{"start":{"line":78,"column":0},"end":{"line":78,"column":49}},"78":{"start":{"line":79,"column":0},"end":{"line":79,"column":38}},"79":{"start":{"line":80,"column":0},"end":{"line":80,"column":39}},"80":{"start":{"line":81,"column":0},"end":{"line":81,"column":44}},"81":{"start":{"line":82,"column":0},"end":{"line":82,"column":61}},"82":{"start":{"line":83,"column":0},"end":{"line":83,"column":39}},"83":{"start":{"line":84,"column":0},"end":{"line":84,"column":40}},"84":{"start":{"line":85,"column":0},"end":{"line":85,"column":48}},"85":{"start":{"line":86,"column":0},"end":{"line":86,"column":45}},"86":{"start":{"line":87,"column":0},"end":{"line":87,"column":44}},"87":{"start":{"line":88,"column":0},"end":{"line":88,"column":40}},"88":{"start":{"line":89,"column":0},"end":{"line":89,"column":58}},"89":{"start":{"line":90,"column":0},"end":{"line":90,"column":33}},"90":{"start":{"line":91,"column":0},"end":{"line":91,"column":50}},"91":{"start":{"line":92,"column":0},"end":{"line":92,"column":34}},"92":{"start":{"line":93,"column":0},"end":{"line":93,"column":51}},"93":{"start":{"line":94,"column":0},"end":{"line":94,"column":34}},"94":{"start":{"line":95,"column":0},"end":{"line":95,"column":35}},"95":{"start":{"line":96,"column":0},"end":{"line":96,"column":24}},"97":{"start":{"line":98,"column":0},"end":{"line":98,"column":34}},"98":{"start":{"line":99,"column":0},"end":{"line":99,"column":27}},"99":{"start":{"line":100,"column":0},"end":{"line":100,"column":25}},"100":{"start":{"line":101,"column":0},"end":{"line":101,"column":22}},"102":{"start":{"line":103,"column":0},"end":{"line":103,"column":23}},"103":{"start":{"line":104,"column":0},"end":{"line":104,"column":57}},"104":{"start":{"line":105,"column":0},"end":{"line":105,"column":60}},"105":{"start":{"line":106,"column":0},"end":{"line":106,"column":189}},"106":{"start":{"line":107,"column":0},"end":{"line":107,"column":176}},"108":{"start":{"line":109,"column":0},"end":{"line":109,"column":81}},"109":{"start":{"line":110,"column":0},"end":{"line":110,"column":31}},"110":{"start":{"line":111,"column":0},"end":{"line":111,"column":25}},"111":{"start":{"line":112,"column":0},"end":{"line":112,"column":25}},"112":{"start":{"line":113,"column":0},"end":{"line":113,"column":20}},"114":{"start":{"line":115,"column":0},"end":{"line":115,"column":13}},"115":{"start":{"line":116,"column":0},"end":{"line":116,"column":14}},"117":{"start":{"line":118,"column":0},"end":{"line":118,"column":10}},"119":{"start":{"line":120,"column":0},"end":{"line":120,"column":1}}},"s":{"0":1,"1":1,"3":10,"4":10,"5":10,"6":10,"8":10,"9":6,"10":0,"11":0,"12":6,"13":6,"14":10,"17":10,"18":10,"20":10,"21":10,"23":10,"24":0,"25":0,"26":0,"27":0,"28":0,"29":0,"30":0,"31":0,"32":0,"33":0,"34":0,"35":0,"36":0,"37":0,"38":0,"39":0,"40":0,"41":0,"43":10,"44":10,"45":60,"46":60,"47":60,"48":60,"49":60,"51":60,"52":60,"53":60,"54":60,"55":60,"56":60,"57":60,"58":60,"59":60,"60":60,"61":60,"62":60,"63":60,"64":60,"66":60,"67":60,"68":60,"69":60,"70":60,"71":60,"73":60,"74":60,"75":60,"76":60,"77":60,"78":60,"79":60,"80":60,"81":60,"82":60,"83":60,"84":60,"85":60,"86":60,"87":60,"88":60,"89":20,"90":40,"91":10,"92":30,"93":10,"94":20,"95":60,"97":60,"98":60,"99":60,"100":60,"102":60,"103":60,"104":60,"105":60,"106":60,"108":60,"109":60,"110":60,"111":60,"112":60,"114":10,"115":10,"117":10,"119":10},"branchMap":{"0":{"type":"branch","line":4,"loc":{"start":{"line":4,"column":0},"end":{"line":120,"column":1}},"locations":[{"start":{"line":4,"column":0},"end":{"line":120,"column":1}}]},"1":{"type":"branch","line":22,"loc":{"start":{"line":22,"column":37},"end":{"line":22,"column":62}},"locations":[{"start":{"line":22,"column":37},"end":{"line":22,"column":62}}]},"2":{"type":"branch","line":22,"loc":{"start":{"line":22,"column":53},"end":{"line":22,"column":76}},"locations":[{"start":{"line":22,"column":53},"end":{"line":22,"column":76}}]},"3":{"type":"branch","line":24,"loc":{"start":{"line":24,"column":7},"end":{"line":42,"column":14}},"locations":[{"start":{"line":24,"column":7},"end":{"line":42,"column":14}}]},"4":{"type":"branch","line":9,"loc":{"start":{"line":9,"column":12},"end":{"line":15,"column":5}},"locations":[{"start":{"line":9,"column":12},"end":{"line":15,"column":5}}]},"5":{"type":"branch","line":14,"loc":{"start":{"line":14,"column":11},"end":{"line":14,"column":68}},"locations":[{"start":{"line":14,"column":11},"end":{"line":14,"column":68}}]},"6":{"type":"branch","line":18,"loc":{"start":{"line":18,"column":37},"end":{"line":18,"column":85}},"locations":[{"start":{"line":18,"column":37},"end":{"line":18,"column":85}}]},"7":{"type":"branch","line":19,"loc":{"start":{"line":19,"column":44},"end":{"line":19,"column":75}},"locations":[{"start":{"line":19,"column":44},"end":{"line":19,"column":75}}]},"8":{"type":"branch","line":45,"loc":{"start":{"line":45,"column":24},"end":{"line":115,"column":11}},"locations":[{"start":{"line":45,"column":24},"end":{"line":115,"column":11}}]},"9":{"type":"branch","line":48,"loc":{"start":{"line":48,"column":42},"end":{"line":48,"column":66}},"locations":[{"start":{"line":48,"column":42},"end":{"line":48,"column":66}}]},"10":{"type":"branch","line":48,"loc":{"start":{"line":48,"column":56},"end":{"line":48,"column":72}},"locations":[{"start":{"line":48,"column":56},"end":{"line":48,"column":72}}]},"11":{"type":"branch","line":53,"loc":{"start":{"line":53,"column":68},"end":{"line":53,"column":103}},"locations":[{"start":{"line":53,"column":68},"end":{"line":53,"column":103}}]},"12":{"type":"branch","line":53,"loc":{"start":{"line":53,"column":84},"end":{"line":53,"column":129}},"locations":[{"start":{"line":53,"column":84},"end":{"line":53,"column":129}}]},"13":{"type":"branch","line":56,"loc":{"start":{"line":56,"column":27},"end":{"line":56,"column":48}},"locations":[{"start":{"line":56,"column":27},"end":{"line":56,"column":48}}]},"14":{"type":"branch","line":56,"loc":{"start":{"line":56,"column":38},"end":{"line":56,"column":54}},"locations":[{"start":{"line":56,"column":38},"end":{"line":56,"column":54}}]},"15":{"type":"branch","line":58,"loc":{"start":{"line":58,"column":33},"end":{"line":58,"column":53}},"locations":[{"start":{"line":58,"column":33},"end":{"line":58,"column":53}}]},"16":{"type":"branch","line":58,"loc":{"start":{"line":58,"column":44},"end":{"line":58,"column":57}},"locations":[{"start":{"line":58,"column":44},"end":{"line":58,"column":57}}]},"17":{"type":"branch","line":59,"loc":{"start":{"line":59,"column":34},"end":{"line":59,"column":54}},"locations":[{"start":{"line":59,"column":34},"end":{"line":59,"column":54}}]},"18":{"type":"branch","line":59,"loc":{"start":{"line":59,"column":45},"end":{"line":59,"column":58}},"locations":[{"start":{"line":59,"column":45},"end":{"line":59,"column":58}}]},"19":{"type":"branch","line":60,"loc":{"start":{"line":60,"column":28},"end":{"line":60,"column":53}},"locations":[{"start":{"line":60,"column":28},"end":{"line":60,"column":53}}]},"20":{"type":"branch","line":60,"loc":{"start":{"line":60,"column":44},"end":{"line":60,"column":60}},"locations":[{"start":{"line":60,"column":44},"end":{"line":60,"column":60}}]},"21":{"type":"branch","line":89,"loc":{"start":{"line":89,"column":57},"end":{"line":90,"column":33}},"locations":[{"start":{"line":89,"column":57},"end":{"line":90,"column":33}}]},"22":{"type":"branch","line":90,"loc":{"start":{"line":90,"column":28},"end":{"line":95,"column":35}},"locations":[{"start":{"line":90,"column":28},"end":{"line":95,"column":35}}]},"23":{"type":"branch","line":91,"loc":{"start":{"line":91,"column":49},"end":{"line":92,"column":34}},"locations":[{"start":{"line":91,"column":49},"end":{"line":92,"column":34}}]},"24":{"type":"branch","line":92,"loc":{"start":{"line":92,"column":28},"end":{"line":95,"column":35}},"locations":[{"start":{"line":92,"column":28},"end":{"line":95,"column":35}}]},"25":{"type":"branch","line":93,"loc":{"start":{"line":93,"column":49},"end":{"line":94,"column":34}},"locations":[{"start":{"line":93,"column":49},"end":{"line":94,"column":34}}]},"26":{"type":"branch","line":94,"loc":{"start":{"line":94,"column":28},"end":{"line":95,"column":35}},"locations":[{"start":{"line":94,"column":28},"end":{"line":95,"column":35}}]},"27":{"type":"branch","line":106,"loc":{"start":{"line":106,"column":54},"end":{"line":106,"column":92}},"locations":[{"start":{"line":106,"column":54},"end":{"line":106,"column":92}}]},"28":{"type":"branch","line":106,"loc":{"start":{"line":106,"column":70},"end":{"line":106,"column":139}},"locations":[{"start":{"line":106,"column":70},"end":{"line":106,"column":139}}]},"29":{"type":"branch","line":47,"loc":{"start":{"line":47,"column":51},"end":{"line":47,"column":76}},"locations":[{"start":{"line":47,"column":51},"end":{"line":47,"column":76}}]},"30":{"type":"branch","line":104,"loc":{"start":{"line":104,"column":27},"end":{"line":104,"column":57}},"locations":[{"start":{"line":104,"column":27},"end":{"line":104,"column":57}}]}},"b":{"0":[10],"1":[7],"2":[3],"3":[0],"4":[6],"5":[6],"6":[60],"7":[11],"8":[60],"9":[10],"10":[50],"11":[42],"12":[18],"13":[10],"14":[50],"15":[10],"16":[50],"17":[10],"18":[50],"19":[42],"20":[18],"21":[20],"22":[40],"23":[10],"24":[30],"25":[10],"26":[20],"27":[42],"28":[18],"29":[66],"30":[1]},"fnMap":{"0":{"name":"InteractiveSubteamChart","decl":{"start":{"line":4,"column":0},"end":{"line":120,"column":1}},"loc":{"start":{"line":4,"column":0},"end":{"line":120,"column":1}},"line":4},"1":{"name":"handleResize","decl":{"start":{"line":10,"column":25},"end":{"line":12,"column":6}},"loc":{"start":{"line":10,"column":25},"end":{"line":12,"column":6}},"line":10},"2":{"name":"onChange","decl":{"start":{"line":29,"column":22},"end":{"line":29,"column":54}},"loc":{"start":{"line":29,"column":22},"end":{"line":29,"column":54}},"line":29},"3":{"name":"control","decl":{"start":{"line":34,"column":23},"end":{"line":34,"column":175}},"loc":{"start":{"line":34,"column":23},"end":{"line":34,"column":175}},"line":34},"4":{"name":"singleValue","decl":{"start":{"line":35,"column":27},"end":{"line":35,"column":84}},"loc":{"start":{"line":35,"column":27},"end":{"line":35,"column":84}},"line":35},"5":{"name":"menu","decl":{"start":{"line":36,"column":20},"end":{"line":36,"column":123}},"loc":{"start":{"line":36,"column":20},"end":{"line":36,"column":123}},"line":36},"6":{"name":"menuList","decl":{"start":{"line":37,"column":24},"end":{"line":37,"column":121}},"loc":{"start":{"line":37,"column":24},"end":{"line":37,"column":121}},"line":37},"7":{"name":"menuPortal","decl":{"start":{"line":38,"column":26},"end":{"line":38,"column":64}},"loc":{"start":{"line":38,"column":26},"end":{"line":38,"column":64}},"line":38},"8":{"name":"option","decl":{"start":{"line":39,"column":22},"end":{"line":39,"column":123}},"loc":{"start":{"line":39,"column":22},"end":{"line":39,"column":123}},"line":39},"9":{"name":"onClick","decl":{"start":{"line":104,"column":27},"end":{"line":104,"column":57}},"loc":{"start":{"line":104,"column":27},"end":{"line":104,"column":57}},"line":104}},"f":{"0":10,"1":0,"2":0,"3":0,"4":0,"5":0,"6":0,"7":0,"8":0,"9":1}}
,"C:\\Users\\rache\\Documents\\Programming\\Robotics\\TeamWebsite\\RavVersion\\3588site\\src\\components\\ui\\modal\\BaseModal.jsx": {"path":"C:\\Users\\rache\\Documents\\Programming\\Robotics\\TeamWebsite\\RavVersion\\3588site\\src\\components\\ui\\modal\\BaseModal.jsx","all":false,"statementMap":{"0":{"start":{"line":1,"column":0},"end":{"line":1,"column":26}},"2":{"start":{"line":3,"column":0},"end":{"line":3,"column":56}},"3":{"start":{"line":4,"column":0},"end":{"line":4,"column":33}},"5":{"start":{"line":6,"column":0},"end":{"line":6,"column":76}},"6":{"start":{"line":7,"column":0},"end":{"line":7,"column":19}},"7":{"start":{"line":8,"column":0},"end":{"line":8,"column":16}},"8":{"start":{"line":9,"column":0},"end":{"line":9,"column":3}},"10":{"start":{"line":11,"column":0},"end":{"line":11,"column":26}},"11":{"start":{"line":12,"column":0},"end":{"line":12,"column":51}},"12":{"start":{"line":13,"column":0},"end":{"line":13,"column":44}},"13":{"start":{"line":14,"column":0},"end":{"line":14,"column":47}},"14":{"start":{"line":15,"column":0},"end":{"line":15,"column":49}},"15":{"start":{"line":16,"column":0},"end":{"line":16,"column":4}},"17":{"start":{"line":18,"column":0},"end":{"line":18,"column":10}},"18":{"start":{"line":19,"column":0},"end":{"line":19,"column":21}},"19":{"start":{"line":20,"column":0},"end":{"line":20,"column":21}},"20":{"start":{"line":21,"column":0},"end":{"line":21,"column":12}},"21":{"start":{"line":22,"column":0},"end":{"line":22,"column":100}},"22":{"start":{"line":23,"column":0},"end":{"line":23,"column":45}},"24":{"start":{"line":25,"column":0},"end":{"line":25,"column":14}},"25":{"start":{"line":26,"column":0},"end":{"line":26,"column":62}},"26":{"start":{"line":27,"column":0},"end":{"line":27,"column":48}},"29":{"start":{"line":30,"column":0},"end":{"line":30,"column":23}},"30":{"start":{"line":31,"column":0},"end":{"line":31,"column":33}},"31":{"start":{"line":32,"column":0},"end":{"line":32,"column":115}},"32":{"start":{"line":33,"column":0},"end":{"line":33,"column":32}},"33":{"start":{"line":34,"column":0},"end":{"line":34,"column":26}},"36":{"start":{"line":37,"column":0},"end":{"line":37,"column":23}},"37":{"start":{"line":38,"column":0},"end":{"line":38,"column":33}},"38":{"start":{"line":39,"column":0},"end":{"line":39,"column":88}},"40":{"start":{"line":41,"column":0},"end":{"line":41,"column":56}},"42":{"start":{"line":43,"column":0},"end":{"line":43,"column":96}},"44":{"start":{"line":45,"column":0},"end":{"line":45,"column":59}},"45":{"start":{"line":46,"column":0},"end":{"line":46,"column":25}},"46":{"start":{"line":47,"column":0},"end":{"line":47,"column":55}},"47":{"start":{"line":48,"column":0},"end":{"line":48,"column":80}},"48":{"start":{"line":49,"column":0},"end":{"line":49,"column":44}},"50":{"start":{"line":51,"column":0},"end":{"line":51,"column":35}},"51":{"start":{"line":52,"column":0},"end":{"line":52,"column":27}},"52":{"start":{"line":53,"column":0},"end":{"line":53,"column":22}},"55":{"start":{"line":56,"column":0},"end":{"line":56,"column":97}},"56":{"start":{"line":57,"column":0},"end":{"line":57,"column":28}},"57":{"start":{"line":58,"column":0},"end":{"line":58,"column":22}},"60":{"start":{"line":61,"column":0},"end":{"line":61,"column":80}},"61":{"start":{"line":62,"column":0},"end":{"line":62,"column":25}},"62":{"start":{"line":63,"column":0},"end":{"line":63,"column":111}},"63":{"start":{"line":64,"column":0},"end":{"line":64,"column":55}},"64":{"start":{"line":65,"column":0},"end":{"line":65,"column":19}},"66":{"start":{"line":67,"column":0},"end":{"line":67,"column":27}},"67":{"start":{"line":68,"column":0},"end":{"line":68,"column":22}},"68":{"start":{"line":69,"column":0},"end":{"line":69,"column":20}},"69":{"start":{"line":70,"column":0},"end":{"line":70,"column":25}},"70":{"start":{"line":71,"column":0},"end":{"line":71,"column":16}},"71":{"start":{"line":72,"column":0},"end":{"line":72,"column":14}},"73":{"start":{"line":74,"column":0},"end":{"line":74,"column":22}},"75":{"start":{"line":76,"column":0},"end":{"line":76,"column":2}},"77":{"start":{"line":78,"column":0},"end":{"line":78,"column":25}}},"s":{"0":1,"2":1,"3":1,"5":1,"6":10,"7":10,"8":10,"10":0,"11":0,"12":0,"13":0,"14":0,"15":0,"17":0,"18":0,"19":0,"20":0,"21":0,"22":0,"24":0,"25":0,"26":0,"29":0,"30":0,"31":0,"32":0,"33":0,"36":0,"37":0,"38":0,"40":0,"42":0,"44":0,"45":0,"46":0,"47":0,"48":0,"50":0,"51":0,"52":0,"55":0,"56":0,"57":0,"60":0,"61":0,"62":0,"63":0,"64":0,"66":0,"67":0,"68":0,"69":0,"70":0,"71":0,"73":10,"75":10,"77":1},"branchMap":{"0":{"type":"branch","line":6,"loc":{"start":{"line":6,"column":18},"end":{"line":76,"column":2}},"locations":[{"start":{"line":6,"column":18},"end":{"line":76,"column":2}}]},"1":{"type":"branch","line":9,"loc":{"start":{"line":9,"column":2},"end":{"line":72,"column":14}},"locations":[{"start":{"line":9,"column":2},"end":{"line":72,"column":14}}]}},"b":{"0":[10],"1":[0]},"fnMap":{"0":{"name":"BaseModal","decl":{"start":{"line":6,"column":18},"end":{"line":76,"column":2}},"loc":{"start":{"line":6,"column":18},"end":{"line":76,"column":2}},"line":6},"1":{"name":"onClick","decl":{"start":{"line":23,"column":19},"end":{"line":23,"column":45}},"loc":{"start":{"line":23,"column":19},"end":{"line":23,"column":45}},"line":23},"2":{"name":"onClick","decl":{"start":{"line":27,"column":21},"end":{"line":27,"column":48}},"loc":{"start":{"line":27,"column":21},"end":{"line":27,"column":48}},"line":27},"3":{"name":"onClick","decl":{"start":{"line":47,"column":29},"end":{"line":47,"column":55}},"loc":{"start":{"line":47,"column":29},"end":{"line":47,"column":55}},"line":47},"4":{"name":"onClick","decl":{"start":{"line":64,"column":29},"end":{"line":64,"column":55}},"loc":{"start":{"line":64,"column":29},"end":{"line":64,"column":55}},"line":64}},"f":{"0":10,"1":0,"2":0,"3":0,"4":0}}
,"C:\\Users\\rache\\Documents\\Programming\\Robotics\\TeamWebsite\\RavVersion\\3588site\\src\\components\\ui\\modal\\BiographyModal.jsx": {"path":"C:\\Users\\rache\\Documents\\Programming\\Robotics\\TeamWebsite\\RavVersion\\3588site\\src\\components\\ui\\modal\\BiographyModal.jsx","all":false,"statementMap":{"0":{"start":{"line":1,"column":0},"end":{"line":1,"column":26}},"1":{"start":{"line":2,"column":0},"end":{"line":2,"column":81}},"2":{"start":{"line":3,"column":0},"end":{"line":3,"column":36}},"4":{"start":{"line":5,"column":0},"end":{"line":5,"column":69}},"6":{"start":{"line":7,"column":0},"end":{"line":7,"column":31}},"9":{"start":{"line":10,"column":0},"end":{"line":10,"column":36}},"10":{"start":{"line":11,"column":0},"end":{"line":11,"column":45}},"11":{"start":{"line":12,"column":0},"end":{"line":12,"column":127}},"12":{"start":{"line":13,"column":0},"end":{"line":13,"column":31}},"13":{"start":{"line":14,"column":0},"end":{"line":14,"column":14}},"14":{"start":{"line":15,"column":0},"end":{"line":15,"column":52}},"15":{"start":{"line":16,"column":0},"end":{"line":16,"column":33}},"16":{"start":{"line":17,"column":0},"end":{"line":17,"column":63}},"17":{"start":{"line":18,"column":0},"end":{"line":18,"column":12}},"19":{"start":{"line":20,"column":0},"end":{"line":20,"column":72}},"21":{"start":{"line":22,"column":0},"end":{"line":22,"column":12}},"22":{"start":{"line":23,"column":0},"end":{"line":23,"column":52}},"23":{"start":{"line":24,"column":0},"end":{"line":24,"column":47}},"24":{"start":{"line":25,"column":0},"end":{"line":25,"column":11}},"25":{"start":{"line":26,"column":0},"end":{"line":26,"column":10}},"28":{"start":{"line":29,"column":0},"end":{"line":29,"column":10}},"29":{"start":{"line":30,"column":0},"end":{"line":30,"column":14}},"30":{"start":{"line":31,"column":0},"end":{"line":31,"column":27}},"31":{"start":{"line":32,"column":0},"end":{"line":32,"column":33}},"32":{"start":{"line":33,"column":0},"end":{"line":33,"column":39}},"35":{"start":{"line":36,"column":0},"end":{"line":36,"column":112}},"36":{"start":{"line":37,"column":0},"end":{"line":37,"column":16}},"38":{"start":{"line":39,"column":0},"end":{"line":39,"column":2}},"40":{"start":{"line":41,"column":0},"end":{"line":41,"column":30}}},"s":{"0":1,"1":1,"2":1,"4":1,"6":10,"9":10,"10":0,"11":0,"12":0,"13":0,"14":0,"15":0,"16":0,"17":0,"19":0,"21":0,"22":0,"23":0,"24":0,"25":0,"28":10,"29":10,"30":10,"31":10,"32":10,"35":10,"36":10,"38":10,"40":1},"branchMap":{"0":{"type":"branch","line":5,"loc":{"start":{"line":5,"column":23},"end":{"line":39,"column":2}},"locations":[{"start":{"line":5,"column":23},"end":{"line":39,"column":2}}]},"1":{"type":"branch","line":7,"loc":{"start":{"line":7,"column":19},"end":{"line":7,"column":31}},"locations":[{"start":{"line":7,"column":19},"end":{"line":7,"column":31}}]},"2":{"type":"branch","line":36,"loc":{"start":{"line":36,"column":19},"end":{"line":36,"column":81}},"locations":[{"start":{"line":36,"column":19},"end":{"line":36,"column":81}}]}},"b":{"0":[10],"1":[0],"2":[0]},"fnMap":{"0":{"name":"BiographyModal","decl":{"start":{"line":5,"column":23},"end":{"line":39,"column":2}},"loc":{"start":{"line":5,"column":23},"end":{"line":39,"column":2}},"line":5},"1":{"name":"renderCustomHeader","decl":{"start":{"line":10,"column":29},"end":{"line":26,"column":10}},"loc":{"start":{"line":10,"column":29},"end":{"line":26,"column":10}},"line":10}},"f":{"0":10,"1":0}}
}
